<?xml version="1.0" encoding="UTF-8"?>
<!-- Generated by org.testng.reporters.JUnitXMLReporter -->
<testsuite ignored="0" hostname="INVENGER-819" failures="0" tests="7" name="Test" time="51.961" errors="0" timestamp="2024-04-12T16:01:55 IST">
  <testcase classname="seleniumcourse.tests.LoginErrormessageTest" name="validCred" time="0.472"/>
  <testcase classname="seleniumcourse.tests.LoginErrormessageTest" name="wrongPassword" time="0.859"/>
  <testcase classname="seleniumcourse.tests.LoginErrormessageTest" name="wrongUsername" time="0.87"/>
  <testcase classname="seleniumcourse.tests.Standalonetest_PO" name="standaloneTest" time="11.557"/>
  <testcase classname="seleniumcourse.tests.Standalonetest_PO" name="testLoginFunction" time="0.218"/>
  <testcase classname="seleniumcourse.tests.Standalonetest_PO" name="testLoginFunction" time="0.205"/>
  <testcase classname="seleniumcourse.tests.Standalonetest_PO" name="testLoginFunction" time="0.197"/>
</testsuite> <!-- Test -->
