<?xml version="1.0" encoding="UTF-8"?>
<!-- Generated by org.testng.reporters.JUnitXMLReporter -->
<testsuite ignored="0" hostname="INVENGER-819" failures="1" tests="4" name="LoginTest" time="12.637" errors="0" timestamp="2024-05-02T12:16:09 IST">
  <testcase classname="seleniumcourse.tests.LoginErrormessageTest" name="validCred" time="0.593"/>
  <testcase classname="seleniumcourse.tests.LoginErrormessageTest" name="wrongPassword" time="0.317"/>
  <testcase classname="seleniumcourse.tests.LoginErrormessageTest" name="wrongUsername" time="0.345">
    <skipped/>
  </testcase> <!-- wrongUsername -->
  <testcase classname="seleniumcourse.tests.LoginErrormessageTest" name="wrongUsername" time="0.362">
    <failure type="java.lang.AssertionError" message="expected [Incorrect email or password.] but found [Incorrect email / password.]">
      <![CDATA[java.lang.AssertionError: expected [Incorrect email or password.] but found [Incorrect email / password.]
at seleniumcourse.tests.LoginErrormessageTest.wrongUsername(LoginErrormessageTest.java:31)
at java.base/java.util.ArrayList.forEach(ArrayList.java:1541)
... Removed 37 stack frames]]>
    </failure>
  </testcase> <!-- wrongUsername -->
</testsuite> <!-- LoginTest -->
